<?xml version="1.0" encoding="UTF-8"?>
<!-- Generated by org.testng.reporters.JUnitReportReporter -->
<testsuite hostname="DESKTOP-C1QDBOQ" failures="0" tests="1" name="com.icehrm_automation.login.Sample3" time="0.002" errors="0" timestamp="2023-03-15T22:53:33 IST" skipped="0">
  <testcase classname="com.icehrm_automation.login.Sample3" name="sample3Test" time="0.002"/>
  <system-out/>
</testsuite> <!-- com.icehrm_automation.login.Sample3 -->
