<?xml version="1.0" encoding="UTF-8"?>
<!-- Generated by org.testng.reporters.JUnitReportReporter -->
<testsuite hostname="DESKTOP-C1QDBOQ" failures="0" tests="4" name="TestNG_Examples.TestNGExample2" time="0.018" errors="0" timestamp="2023-03-09T18:03:23 IST" skipped="0">
  <testcase classname="TestNG_Examples.TestNGExample2" name="mult" time="0.003"/>
  <system-out/>
  <testcase classname="TestNG_Examples.TestNGExample2" name="sub" time="0.003"/>
  <system-out/>
  <testcase classname="TestNG_Examples.TestNGExample2" name="add" time="0.011"/>
  <system-out/>
  <testcase classname="TestNG_Examples.TestNGExample2" name="div" time="0.001"/>
  <system-out/>
</testsuite> <!-- TestNG_Examples.TestNGExample2 -->
