<?xml version="1.0" encoding="UTF-8"?>
<!-- Generated by org.testng.reporters.JUnitReportReporter -->
<testsuite hostname="DESKTOP-C1QDBOQ" failures="0" tests="1" name="com.icehrm_automation.login.Sample1" time="0.021" errors="0" timestamp="2023-04-04T11:44:35 IST" skipped="0">
  <testcase classname="com.icehrm_automation.login.Sample1" name="sample1Test" time="0.021"/>
  <system-out/>
</testsuite> <!-- com.icehrm_automation.login.Sample1 -->
