<?xml version="1.0" encoding="UTF-8"?>
<!-- Generated by org.testng.reporters.JUnitReportReporter -->
<testsuite hostname="DESKTOP-C1QDBOQ" failures="0" tests="1" name="com.icehrm_automation.login.Sample2" time="0.001" errors="0" timestamp="2023-03-15T22:53:33 IST" skipped="0">
  <testcase classname="com.icehrm_automation.login.Sample2" name="sample2Test" time="0.001"/>
  <system-out/>
</testsuite> <!-- com.icehrm_automation.login.Sample2 -->
