<?xml version="1.0" encoding="UTF-8"?>
<!-- Generated by org.testng.reporters.JUnitReportReporter -->
<testsuite hostname="DESKTOP-C1QDBOQ" failures="0" tests="1" name="TestNG_Examples.TestNG_Example1" time="0.018" errors="0" timestamp="2023-03-08T15:35:58 IST" skipped="0">
  <testcase classname="TestNG_Examples.TestNG_Example1" name="m1" time="0.018"/>
  <system-out/>
</testsuite> <!-- TestNG_Examples.TestNG_Example1 -->
