<?xml version="1.0" encoding="UTF-8"?>
<!-- Generated by org.testng.reporters.JUnitReportReporter -->
<testsuite hostname="DESKTOP-C1QDBOQ" failures="0" tests="2" name="com.icehrm_automation.login.LoginTest" time="109.266" errors="0" timestamp="2023-03-09T21:15:55 IST" skipped="0">
  <testcase classname="com.icehrm_automation.login.LoginTest" name="addEmp" time="68.342"/>
  <system-out/>
  <testcase classname="com.icehrm_automation.login.LoginTest" name="verifyEmp" time="40.924"/>
  <system-out/>
</testsuite> <!-- com.icehrm_automation.login.LoginTest -->
