<?xml version="1.0" encoding="UTF-8"?>
<!-- Generated by org.testng.reporters.JUnitReportReporter -->
<testsuite hostname="DESKTOP-C1QDBOQ" failures="0" tests="10" name="com.icehrm_automation.login.ExcelTest" time="0.011" errors="0" timestamp="2023-03-17T23:34:37 IST" skipped="0">
  <testcase classname="com.icehrm_automation.login.ExcelTest" name="test" time="0.001"/>
  <system-out/>
  <testcase classname="com.icehrm_automation.login.ExcelTest" name="test" time="0.001"/>
  <system-out/>
  <testcase classname="com.icehrm_automation.login.ExcelTest" name="test" time="0.000"/>
  <system-out/>
  <testcase classname="com.icehrm_automation.login.ExcelTest" name="test" time="0.002"/>
  <system-out/>
  <testcase classname="com.icehrm_automation.login.ExcelTest" name="test" time="0.001"/>
  <system-out/>
  <testcase classname="com.icehrm_automation.login.ExcelTest" name="test" time="0.001"/>
  <system-out/>
  <testcase classname="com.icehrm_automation.login.ExcelTest" name="test" time="0.000"/>
  <system-out/>
  <testcase classname="com.icehrm_automation.login.ExcelTest" name="test" time="0.001"/>
  <system-out/>
  <testcase classname="com.icehrm_automation.login.ExcelTest" name="test" time="0.000"/>
  <system-out/>
  <testcase classname="com.icehrm_automation.login.ExcelTest" name="test" time="0.004"/>
  <system-out/>
</testsuite> <!-- com.icehrm_automation.login.ExcelTest -->
